<?xml version="1.0" encoding="UTF-8"?>
<testng-results ignored="0" total="2" passed="2" failed="0" skipped="0">
  <reporter-output>
  </reporter-output>
  <suite started-at="2025-10-19T18:57:11 IST" name="Mastersuite" finished-at="2025-10-19T18:57:43 IST" duration-ms="32415">
    <groups>
      <group name="Master">
        <method signature="TC_001AccountRegistrationTest.verify_Account_registration()[pri:0, instance:testCases.TC_001AccountRegistrationTest@294a6b8e]" name="verify_Account_registration" class="testCases.TC_001AccountRegistrationTest"/>
        <method signature="TC_002_login_test.verify_login()[pri:0, instance:testCases.TC_002_login_test@6fb365ed]" name="verify_login" class="testCases.TC_002_login_test"/>
      </group> <!-- Master -->
      <group name="Sanity">
        <method signature="TC_002_login_test.verify_login()[pri:0, instance:testCases.TC_002_login_test@6fb365ed]" name="verify_login" class="testCases.TC_002_login_test"/>
      </group> <!-- Sanity -->
      <group name="Regression">
        <method signature="TC_001AccountRegistrationTest.verify_Account_registration()[pri:0, instance:testCases.TC_001AccountRegistrationTest@294a6b8e]" name="verify_Account_registration" class="testCases.TC_001AccountRegistrationTest"/>
      </group> <!-- Regression -->
    </groups>
    <test started-at="2025-10-19T18:57:11 IST" name="Test" finished-at="2025-10-19T18:57:43 IST" duration-ms="32415">
      <class name="testCases.TC_002_login_test">
        <test-method is-config="true" signature="setup(java.lang.String,java.lang.String)[pri:0, instance:testCases.TC_002_login_test@6fb365ed]" started-at="2025-10-19T18:57:29 IST" name="setup" finished-at="2025-10-19T18:57:31 IST" duration-ms="1904" status="PASS">
          <params>
            <param index="0">
              <value>
                <![CDATA[windows]]>
              </value>
            </param>
            <param index="1">
              <value>
                <![CDATA[chrome]]>
              </value>
            </param>
          </params>
          <reporter-output>
          </reporter-output>
        </test-method> <!-- setup -->
        <test-method signature="verify_login()[pri:0, instance:testCases.TC_002_login_test@6fb365ed]" started-at="2025-10-19T18:57:31 IST" name="verify_login" finished-at="2025-10-19T18:57:43 IST" duration-ms="11630" status="PASS">
          <reporter-output>
          </reporter-output>
        </test-method> <!-- verify_login -->
        <test-method is-config="true" signature="teardown()[pri:0, instance:testCases.TC_002_login_test@6fb365ed]" started-at="2025-10-19T18:57:43 IST" name="teardown" finished-at="2025-10-19T18:57:43 IST" duration-ms="307" status="PASS">
          <reporter-output>
          </reporter-output>
        </test-method> <!-- teardown -->
      </class> <!-- testCases.TC_002_login_test -->
      <class name="testCases.TC_001AccountRegistrationTest">
        <test-method is-config="true" signature="setup(java.lang.String,java.lang.String)[pri:0, instance:testCases.TC_001AccountRegistrationTest@294a6b8e]" started-at="2025-10-19T18:57:11 IST" name="setup" finished-at="2025-10-19T18:57:15 IST" duration-ms="3434" status="PASS">
          <params>
            <param index="0">
              <value>
                <![CDATA[windows]]>
              </value>
            </param>
            <param index="1">
              <value>
                <![CDATA[chrome]]>
              </value>
            </param>
          </params>
          <reporter-output>
          </reporter-output>
        </test-method> <!-- setup -->
        <test-method signature="verify_Account_registration()[pri:0, instance:testCases.TC_001AccountRegistrationTest@294a6b8e]" started-at="2025-10-19T18:57:15 IST" name="verify_Account_registration" finished-at="2025-10-19T18:57:29 IST" duration-ms="14465" status="PASS">
          <reporter-output>
          </reporter-output>
        </test-method> <!-- verify_Account_registration -->
        <test-method is-config="true" signature="teardown()[pri:0, instance:testCases.TC_001AccountRegistrationTest@294a6b8e]" started-at="2025-10-19T18:57:29 IST" name="teardown" finished-at="2025-10-19T18:57:29 IST" duration-ms="319" status="PASS">
          <reporter-output>
          </reporter-output>
        </test-method> <!-- teardown -->
      </class> <!-- testCases.TC_001AccountRegistrationTest -->
    </test> <!-- Test -->
  </suite> <!-- Mastersuite -->
</testng-results>
