<?xml version="1.0" encoding="UTF-8"?>
<testsuite xmlns:xsi="http://www.w3.org/2001/XMLSchema-instance" xsi:noNamespaceSchemaLocation="https://maven.apache.org/surefire/maven-surefire-plugin/xsd/surefire-test-report.xsd" version="3.0.2" name="TestSuite" time="35.471" tests="2" errors="0" skipped="0" failures="0">
  <properties>
[...]
</properties>
  <testcase name="verify_Account_registration" classname="testCases.TC_001AccountRegistrationTest" time="14.492">
    <system-out><![CDATA[2025-10-19T13:27:10.724957700Z main INFO Starting LoggerContext[name=11a4022a] with configuration XmlConfiguration[location=C:\Eclipse_workspace\Selenium webdriverautomation\OpenCart121\target\test-classes\log4j2.xml, lastModified=2025-10-17T09:41:17.343Z]...
2025-10-19T13:27:10.728959200Z main DEBUG Shutdown hook enabled. Registering a new one.
2025-10-19T13:27:10.757957500Z main DEBUG Apache Log4j Core 3.0 initializing configuration XmlConfiguration[location=C:\Eclipse_workspace\Selenium webdriverautomation\OpenCart121\target\test-classes\log4j2.xml, lastModified=2025-10-17T09:41:17.343Z]
2025-10-19T13:27:10.760957600Z main DEBUG Discovered 96 plugins in namespace 'Core'
2025-10-19T13:27:10.762957700Z main DEBUG Discovered 0 plugins in namespace 'Level'
2025-10-19T13:27:10.770957700Z main ERROR Error processing element Appender ([Appenders: null]): CLASS_NOT_FOUND
2025-10-19T13:27:10.771957700Z main ERROR Error processing element Appender ([Appenders: null]): CLASS_NOT_FOUND
2025-10-19T13:27:10.771957700Z main ERROR Error processing element Filter ([Logger: null]): CLASS_NOT_FOUND
2025-10-19T13:27:10.784958200Z main DEBUG Configuring child nodes of Properties
2025-10-19T13:27:10.786957500Z main DEBUG Configuring child nodes of Property
2025-10-19T13:27:10.786957500Z main DEBUG Configured child nodes of Property
2025-10-19T13:27:10.806957600Z main DEBUG Discovered 18 plugins in namespace 'TypeConverter'
2025-10-19T13:27:10.833919600Z main DEBUG Configured child nodes of Properties
2025-10-19T13:27:10.843431700Z main DEBUG Configuring child nodes of Appenders
2025-10-19T13:27:10.843431700Z main DEBUG Configured child nodes of Appenders
2025-10-19T13:27:10.852221100Z main ERROR Appenders contains an invalid element or attribute "Appender"
2025-10-19T13:27:10.852221100Z main DEBUG Configuring child nodes of Loggers
2025-10-19T13:27:10.852221100Z main DEBUG Configuring child nodes of Logger
2025-10-19T13:27:10.853493800Z main DEBUG Configuring child nodes of AppenderRef
2025-10-19T13:27:10.853493800Z main DEBUG Configured child nodes of AppenderRef
2025-10-19T13:27:10.859493400Z main DEBUG Configured child nodes of Logger
2025-10-19T13:27:10.874648400Z main DEBUG Configuring child nodes of Logger
2025-10-19T13:27:10.875650700Z main DEBUG Configuring child nodes of AppenderRef
2025-10-19T13:27:10.875650700Z main DEBUG Configured child nodes of AppenderRef
2025-10-19T13:27:10.876654600Z main DEBUG Configured child nodes of Logger
2025-10-19T13:27:10.881694900Z main DEBUG Configuring child nodes of Root
2025-10-19T13:27:10.881694900Z main DEBUG Configuring child nodes of AppenderRef
2025-10-19T13:27:10.882697200Z main DEBUG Configured child nodes of AppenderRef
2025-10-19T13:27:10.885091Z main DEBUG Configured child nodes of Root
2025-10-19T13:27:10.890808800Z main DEBUG Configured child nodes of Loggers
2025-10-19T13:27:10.892953300Z main ERROR Unable to locate appender "STDOUT" for logger config "org.apache.logging.log4j.test1"
2025-10-19T13:27:10.892953300Z main ERROR Unable to locate appender "FileAppender" for logger config "root"
2025-10-19T13:27:10.892953300Z main ERROR Unable to locate appender "FileAppender" for logger config "org.apache.logging.log4j.test2"
2025-10-19T13:27:10.892953300Z main DEBUG Configuration XmlConfiguration[location=C:\Eclipse_workspace\Selenium webdriverautomation\OpenCart121\target\test-classes\log4j2.xml, lastModified=2025-10-17T09:41:17.343Z] initialized
2025-10-19T13:27:10.893951800Z main INFO Starting configuration XmlConfiguration[location=C:\Eclipse_workspace\Selenium webdriverautomation\OpenCart121\target\test-classes\log4j2.xml, lastModified=2025-10-17T09:41:17.343Z]...
2025-10-19T13:27:10.893951800Z main INFO Start watching for changes to C:\Eclipse_workspace\Selenium webdriverautomation\OpenCart121\target\test-classes\log4j2.xml every 0 seconds
2025-10-19T13:27:10.893951800Z main INFO Configuration XmlConfiguration[location=C:\Eclipse_workspace\Selenium webdriverautomation\OpenCart121\target\test-classes\log4j2.xml, lastModified=2025-10-17T09:41:17.343Z] started.
2025-10-19T13:27:10.894954400Z main INFO Stopping configuration DefaultConfiguration...
2025-10-19T13:27:10.895955100Z main DEBUG Shutting down OutputStreamManager SYSTEM_OUT.false.false-1
2025-10-19T13:27:10.896969500Z main DEBUG OutputStream closed
2025-10-19T13:27:10.896969500Z main DEBUG Shut down OutputStreamManager SYSTEM_OUT.false.false-1, all resources released: true
2025-10-19T13:27:10.896969500Z main DEBUG Appender DefaultConsole-1 stopped with status true
2025-10-19T13:27:10.896969500Z main INFO Configuration DefaultConfiguration stopped.
2025-10-19T13:27:10.897969700Z main INFO LoggerContext[name=11a4022a] started with configuration XmlConfiguration[location=C:\Eclipse_workspace\Selenium webdriverautomation\OpenCart121\target\test-classes\log4j2.xml, lastModified=2025-10-17T09:41:17.343Z].
]]></system-out>
    <system-err><![CDATA[Oct 19, 2025 6:57:13 PM org.openqa.selenium.devtools.CdpVersionFinder findNearestMatch
WARNING: Unable to find an exact match for CDP version 141, returning the closest version; found: 140; Please update to a Selenium version that supports CDP version 141
]]></system-err>
  </testcase>
  <testcase name="verify_login" classname="testCases.TC_002_login_test" time="11.632">
    <system-err><![CDATA[Oct 19, 2025 6:57:30 PM org.openqa.selenium.devtools.CdpVersionFinder findNearestMatch
WARNING: Unable to find an exact match for CDP version 141, returning the closest version; found: 140; Please update to a Selenium version that supports CDP version 141
]]></system-err>
  </testcase>
</testsuite>